Build started 5/7/2012 7:46:24 PM.
     1>Project "C:\Users\Rick\Documents\CS184Work\hw6\HW6\hw1\hw1.vcxproj" on node 2 (build target(s)).
     1>InitializeBuildStatus:
         Creating "Debug\hw1.unsuccessfulbuild" because "AlwaysCreate" was specified.
       ClCompile:
         c:\Program Files (x86)\Microsoft Visual Studio 10.0\VC\bin\CL.exe /c /I"glm-0.9.2.7" /ZI /nologo /W3 /WX- /Od /Oy- /D WIN32 /D _DEBUG /D _CONSOLE /D _UNICODE /D UNICODE /Gm /EHsc /RTC1 /MDd /GS /fp:precise /Zc:wchar_t /Zc:forScope /Yc"StdAfx.h" /Fp"Debug\hw1.pch" /Fo"Debug\\" /Fd"Debug\vc100.pdb" /Gd /TP /analyze- /errorReport:prompt stdafx.cpp
         stdafx.cpp
         c:\Program Files (x86)\Microsoft Visual Studio 10.0\VC\bin\CL.exe /c /I"glm-0.9.2.7" /ZI /nologo /W3 /WX- /Od /Oy- /D WIN32 /D _DEBUG /D _CONSOLE /D _UNICODE /D UNICODE /Gm /EHsc /RTC1 /MDd /GS /fp:precise /Zc:wchar_t /Zc:forScope /Yu"StdAfx.h" /Fp"Debug\hw1.pch" /Fo"Debug\\" /Fd"Debug\vc100.pdb" /Gd /TP /analyze- /errorReport:prompt Curve.cpp curves2.cpp hw1.cpp main.cpp Point.cpp shaders.cpp Transform.cpp
         Transform.cpp
     1>c:\users\rick\documents\cs184work\hw6\hw6\hw1\transform.h(18): warning C4305: 'initializing' : truncation from 'double' to 'const float'
         shaders.cpp
     1>c:\users\rick\documents\cs184work\hw6\hw6\hw1\shaders.cpp(64): warning C4996: 'strcpy': This function or variable may be unsafe. Consider using strcpy_s instead. To disable deprecation, use _CRT_SECURE_NO_WARNINGS. See online help for details.
                 c:\program files (x86)\microsoft visual studio 10.0\vc\include\string.h(105) : see declaration of 'strcpy'
         Point.cpp
         main.cpp
         hw1.cpp
         curves2.cpp
     1>c:\users\rick\documents\cs184work\hw6\hw6\hw1\curves2.cpp(77): warning C4101: 'i' : unreferenced local variable
     1>c:\users\rick\documents\cs184work\hw6\hw6\hw1\curves2.cpp(77): warning C4101: 'j' : unreferenced local variable
     1>c:\users\rick\documents\cs184work\hw6\hw6\hw1\curves2.cpp(122): warning C4101: 'i' : unreferenced local variable
     1>c:\users\rick\documents\cs184work\hw6\hw6\hw1\curves2.cpp(122): warning C4101: 'j' : unreferenced local variable
         Curve.cpp
         Generating Code...
       ManifestResourceCompile:
         C:\Program Files (x86)\Microsoft SDKs\Windows\v7.0A\bin\rc.exe /nologo /fo"Debug\hw1.exe.embed.manifest.res" Debug\hw1_manifest.rc 
       Link:
         c:\Program Files (x86)\Microsoft Visual Studio 10.0\VC\bin\link.exe /ERRORREPORT:PROMPT /OUT:"C:\Users\Rick\Documents\CS184Work\hw6\HW6\Debug\hw1.exe" /INCREMENTAL /NOLOGO glew32.lib glut32.lib glu32.lib opengl32.lib glut32.lib glew32.lib /MANIFEST /ManifestFile:"Debug\hw1.exe.intermediate.manifest" /MANIFESTUAC:"level='asInvoker' uiAccess='false'" /DEBUG /PDB:"C:\Users\Rick\Documents\CS184Work\hw6\HW6\Debug\hw1.pdb" /SUBSYSTEM:CONSOLE /TLBID:1 /DYNAMICBASE /NXCOMPAT /IMPLIB:"C:\Users\Rick\Documents\CS184Work\hw6\HW6\Debug\hw1.lib" /MACHINE:X86 Debug\hw1.exe.embed.manifest.res
         Debug\Curve.obj
         Debug\curves2.obj
         Debug\hw1.obj
         Debug\main.obj
         Debug\Point.obj
         Debug\shaders.obj
         Debug\stdafx.obj
         Debug\Transform.obj
       Manifest:
         C:\Program Files (x86)\Microsoft SDKs\Windows\v7.0A\bin\mt.exe /nologo /verbose /out:"Debug\hw1.exe.embed.manifest" /manifest Debug\hw1.exe.intermediate.manifest
         All outputs are up-to-date.
       LinkEmbedManifest:
         All outputs are up-to-date.
         hw1.vcxproj -> C:\Users\Rick\Documents\CS184Work\hw6\HW6\Debug\hw1.exe
       FinalizeBuildStatus:
         Deleting file "Debug\hw1.unsuccessfulbuild".
         Touching "Debug\hw1.lastbuildstate".
     1>Done Building Project "C:\Users\Rick\Documents\CS184Work\hw6\HW6\hw1\hw1.vcxproj" (build target(s)).

Build succeeded.

Time Elapsed 00:00:02.74
