C:\USERS\RICK\DOCUMENTS\CS184WORK\HW1\DEBUG\HW1.EXE
C:\USERS\RICK\DOCUMENTS\CS184WORK\HW1\DEBUG\HW1.ILK
C:\USERS\RICK\DOCUMENTS\CS184WORK\HW1\DEBUG\HW1.PDB
C:\USERS\RICK\DOCUMENTS\CS184WORK\HW1\HW1\DEBUG\HW1.EXE.EMBED.MANIFEST
C:\USERS\RICK\DOCUMENTS\CS184WORK\HW1\HW1\DEBUG\HW1.EXE.EMBED.MANIFEST.RES
C:\USERS\RICK\DOCUMENTS\CS184WORK\HW1\HW1\DEBUG\HW1.EXE.INTERMEDIATE.MANIFEST
C:\USERS\RICK\DOCUMENTS\CS184WORK\HW1\HW1\DEBUG\HW1.OBJ
C:\USERS\RICK\DOCUMENTS\CS184WORK\HW1\HW1\DEBUG\HW1.PCH
C:\USERS\RICK\DOCUMENTS\CS184WORK\HW1\HW1\DEBUG\MAIN.OBJ
C:\USERS\RICK\DOCUMENTS\CS184WORK\HW1\HW1\DEBUG\SHADERS.OBJ
C:\USERS\RICK\DOCUMENTS\CS184WORK\HW1\HW1\DEBUG\STDAFX.OBJ
C:\USERS\RICK\DOCUMENTS\CS184WORK\HW1\HW1\DEBUG\TRANSFORM.OBJ
C:\USERS\RICK\DOCUMENTS\CS184WORK\HW1\HW1\DEBUG\VC100.PDB
C:\USERS\RICK\DOCUMENTS\CS184WORK\HW6\HW1\DEBUG\HW1.EXE
C:\USERS\RICK\DOCUMENTS\CS184WORK\HW6\HW1\DEBUG\HW1.ILK
C:\USERS\RICK\DOCUMENTS\CS184WORK\HW6\HW1\DEBUG\HW1.PDB
C:\Users\Rick\Documents\CS184Work\hw6\hw1\hw1\Debug\cl.command.1.tlog
C:\Users\Rick\Documents\CS184Work\hw6\hw1\hw1\Debug\CL.read.1.tlog
C:\Users\Rick\Documents\CS184Work\hw6\hw1\hw1\Debug\CL.write.1.tlog
C:\USERS\RICK\DOCUMENTS\CS184WORK\HW6\HW1\HW1\DEBUG\CURVE.OBJ
C:\USERS\RICK\DOCUMENTS\CS184WORK\HW6\HW1\HW1\DEBUG\CURVES2.OBJ
C:\Users\Rick\Documents\CS184Work\hw6\hw1\hw1\Debug\hw1.exe.embed.manifest
C:\USERS\RICK\DOCUMENTS\CS184WORK\HW6\HW1\HW1\DEBUG\HW1.EXE.EMBED.MANIFEST.RES
C:\USERS\RICK\DOCUMENTS\CS184WORK\HW6\HW1\HW1\DEBUG\HW1.EXE.INTERMEDIATE.MANIFEST
C:\USERS\RICK\DOCUMENTS\CS184WORK\HW6\HW1\HW1\DEBUG\HW1.OBJ
C:\USERS\RICK\DOCUMENTS\CS184WORK\HW6\HW1\HW1\DEBUG\HW1.PCH
C:\Users\Rick\Documents\CS184Work\hw6\hw1\hw1\Debug\hw1_manifest.rc
C:\Users\Rick\Documents\CS184Work\hw6\hw1\hw1\Debug\link.15952.read.1.tlog
C:\Users\Rick\Documents\CS184Work\hw6\hw1\hw1\Debug\link.15952.write.1.tlog
C:\Users\Rick\Documents\CS184Work\hw6\hw1\hw1\Debug\link.15952-cvtres.read.1.tlog
C:\Users\Rick\Documents\CS184Work\hw6\hw1\hw1\Debug\link.15952-cvtres.write.1.tlog
C:\Users\Rick\Documents\CS184Work\hw6\hw1\hw1\Debug\link.18340.read.1.tlog
C:\Users\Rick\Documents\CS184Work\hw6\hw1\hw1\Debug\link.18340.write.1.tlog
C:\Users\Rick\Documents\CS184Work\hw6\hw1\hw1\Debug\link.18340-cvtres.read.1.tlog
C:\Users\Rick\Documents\CS184Work\hw6\hw1\hw1\Debug\link.18340-cvtres.write.1.tlog
C:\Users\Rick\Documents\CS184Work\hw6\hw1\hw1\Debug\link.20552.read.1.tlog
C:\Users\Rick\Documents\CS184Work\hw6\hw1\hw1\Debug\link.20552.write.1.tlog
C:\Users\Rick\Documents\CS184Work\hw6\hw1\hw1\Debug\link.20552-cvtres.read.1.tlog
C:\Users\Rick\Documents\CS184Work\hw6\hw1\hw1\Debug\link.20552-cvtres.write.1.tlog
C:\Users\Rick\Documents\CS184Work\hw6\hw1\hw1\Debug\link.20648.read.1.tlog
C:\Users\Rick\Documents\CS184Work\hw6\hw1\hw1\Debug\link.20648.write.1.tlog
C:\Users\Rick\Documents\CS184Work\hw6\hw1\hw1\Debug\link.20648-cvtres.read.1.tlog
C:\Users\Rick\Documents\CS184Work\hw6\hw1\hw1\Debug\link.20648-cvtres.write.1.tlog
C:\Users\Rick\Documents\CS184Work\hw6\hw1\hw1\Debug\link.21192.read.1.tlog
C:\Users\Rick\Documents\CS184Work\hw6\hw1\hw1\Debug\link.21192.write.1.tlog
C:\Users\Rick\Documents\CS184Work\hw6\hw1\hw1\Debug\link.21192-cvtres.read.1.tlog
C:\Users\Rick\Documents\CS184Work\hw6\hw1\hw1\Debug\link.21192-cvtres.write.1.tlog
C:\Users\Rick\Documents\CS184Work\hw6\hw1\hw1\Debug\link.22064.read.1.tlog
C:\Users\Rick\Documents\CS184Work\hw6\hw1\hw1\Debug\link.22064.write.1.tlog
C:\Users\Rick\Documents\CS184Work\hw6\hw1\hw1\Debug\link.22064-cvtres.read.1.tlog
C:\Users\Rick\Documents\CS184Work\hw6\hw1\hw1\Debug\link.22064-cvtres.write.1.tlog
C:\Users\Rick\Documents\CS184Work\hw6\hw1\hw1\Debug\link.command.1.tlog
C:\Users\Rick\Documents\CS184Work\hw6\hw1\hw1\Debug\link.read.1.tlog
C:\Users\Rick\Documents\CS184Work\hw6\hw1\hw1\Debug\link.write.1.tlog
C:\Users\Rick\Documents\CS184Work\hw6\hw1\hw1\Debug\link-cvtres.read.1.tlog
C:\Users\Rick\Documents\CS184Work\hw6\hw1\hw1\Debug\link-cvtres.write.1.tlog
C:\USERS\RICK\DOCUMENTS\CS184WORK\HW6\HW1\HW1\DEBUG\MAIN.OBJ
C:\Users\Rick\Documents\CS184Work\hw6\hw1\hw1\Debug\mt.command.1.tlog
C:\Users\Rick\Documents\CS184Work\hw6\hw1\hw1\Debug\mt.read.1.tlog
C:\Users\Rick\Documents\CS184Work\hw6\hw1\hw1\Debug\mt.write.1.tlog
C:\USERS\RICK\DOCUMENTS\CS184WORK\HW6\HW1\HW1\DEBUG\POINT.OBJ
C:\Users\Rick\Documents\CS184Work\hw6\hw1\hw1\Debug\rc.command.1.tlog
C:\Users\Rick\Documents\CS184Work\hw6\hw1\hw1\Debug\rc.read.1.tlog
C:\Users\Rick\Documents\CS184Work\hw6\hw1\hw1\Debug\rc.write.1.tlog
C:\USERS\RICK\DOCUMENTS\CS184WORK\HW6\HW1\HW1\DEBUG\SHADERS.OBJ
C:\USERS\RICK\DOCUMENTS\CS184WORK\HW6\HW1\HW1\DEBUG\STDAFX.OBJ
C:\USERS\RICK\DOCUMENTS\CS184WORK\HW6\HW1\HW1\DEBUG\TRANSFORM.OBJ
C:\Users\Rick\Documents\CS184Work\hw6\hw1\hw1\Debug\vc100.idb
C:\USERS\RICK\DOCUMENTS\CS184WORK\HW6\HW1\HW1\DEBUG\VC100.PDB
